<?xml version="1.0" encoding="UTF-8"?>
<testsuite xmlns:xsi="http://www.w3.org/2001/XMLSchema-instance" xsi:noNamespaceSchemaLocation="https://maven.apache.org/surefire/maven-surefire-plugin/xsd/surefire-test-report-3.0.xsd" version="3.0" name="com.BeeTech.Cartify.CartifyApplicationTests" time="21.257" tests="1" errors="0" skipped="0" failures="0">
  <properties>
[...]
</properties>
  <testcase name="contextLoads" classname="com.BeeTech.Cartify.CartifyApplicationTests" time="0.415">
    <system-out><![CDATA[00:32:03.442 [main] INFO org.springframework.test.context.support.AnnotationConfigContextLoaderUtils -- Could not detect default configuration classes for test class [com.BeeTech.Cartify.CartifyApplicationTests]: CartifyApplicationTests does not declare any static, non-private, non-final, nested classes annotated with @Configuration.
00:32:03.592 [main] INFO org.springframework.boot.test.context.SpringBootTestContextBootstrapper -- Found @SpringBootConfiguration com.BeeTech.Cartify.CartifyApplication for test class com.BeeTech.Cartify.CartifyApplicationTests

  .   ____          _            __ _ _
 /\\ / ___'_ __ _ _(_)_ __  __ _ \ \ \ \
( ( )\___ | '_ | '_| | '_ \/ _` | \ \ \ \
 \\/  ___)| |_)| | | | | || (_| |  ) ) ) )
  '  |____| .__|_| |_|_| |_\__, | / / / /
 =========|_|==============|___/=/_/_/_/

 :: Spring Boot ::                (v3.3.5)

2025-03-07T00:32:04.208Z  INFO 22396 --- [Cartify] [           main] c.B.Cartify.CartifyApplicationTests      : Starting CartifyApplicationTests using Java 21.0.2 with PID 22396 (started by Gideon Adjei in C:\Users\Gideon Adjei\Cartify\Cartify)
2025-03-07T00:32:04.210Z  INFO 22396 --- [Cartify] [           main] c.B.Cartify.CartifyApplicationTests      : No active profile set, falling back to 1 default profile: "default"
2025-03-07T00:32:05.911Z  INFO 22396 --- [Cartify] [           main] .s.d.r.c.RepositoryConfigurationDelegate : Bootstrapping Spring Data JPA repositories in DEFAULT mode.
2025-03-07T00:32:06.007Z  INFO 22396 --- [Cartify] [           main] .s.d.r.c.RepositoryConfigurationDelegate : Finished Spring Data repository scanning in 85 ms. Found 7 JPA repository interfaces.
2025-03-07T00:32:07.304Z  INFO 22396 --- [Cartify] [           main] o.hibernate.jpa.internal.util.LogHelper  : HHH000204: Processing PersistenceUnitInfo [name: default]
2025-03-07T00:32:07.467Z  INFO 22396 --- [Cartify] [           main] org.hibernate.Version                    : HHH000412: Hibernate ORM core version 6.5.3.Final
2025-03-07T00:32:07.560Z  INFO 22396 --- [Cartify] [           main] o.h.c.internal.RegionFactoryInitiator    : HHH000026: Second-level cache disabled
2025-03-07T00:32:08.149Z  INFO 22396 --- [Cartify] [           main] o.s.o.j.p.SpringPersistenceUnitInfo      : No LoadTimeWeaver setup: ignoring JPA class transformer
2025-03-07T00:32:08.190Z  INFO 22396 --- [Cartify] [           main] com.zaxxer.hikari.HikariDataSource       : HikariPool-1 - Starting...
2025-03-07T00:32:10.754Z  INFO 22396 --- [Cartify] [           main] com.zaxxer.hikari.pool.HikariPool        : HikariPool-1 - Added connection org.postgresql.jdbc.PgConnection@6231f77a
2025-03-07T00:32:10.756Z  INFO 22396 --- [Cartify] [           main] com.zaxxer.hikari.HikariDataSource       : HikariPool-1 - Start completed.
2025-03-07T00:32:12.862Z  INFO 22396 --- [Cartify] [           main] o.h.e.t.j.p.i.JtaPlatformInitiator       : HHH000489: No JTA platform available (set 'hibernate.transaction.jta.platform' to enable JTA platform integration)
Hibernate: 
    create table cart (
        id bigint generated by default as identity,
        total_amount numeric(38,2),
        user_id bigint,
        primary key (id)
    )
Hibernate: 
    create table cart_item (
        id bigint generated by default as identity,
        quantity integer not null,
        total_price numeric(38,2),
        unit_price numeric(38,2),
        cart_id bigint,
        product_id bigint,
        primary key (id)
    )
Hibernate: 
    create table category (
        id bigint generated by default as identity,
        name varchar(255),
        primary key (id)
    )
Hibernate: 
    create table image (
        id bigint generated by default as identity,
        download_url varchar(255),
        file_name varchar(255),
        file_type varchar(255),
        image oid,
        product_id bigint,
        primary key (id)
    )
Hibernate: 
    create table order_item (
        id bigint generated by default as identity,
        price numeric(38,2),
        quantity integer not null,
        order_id bigint,
        product_id bigint,
        primary key (id)
    )
Hibernate: 
    create table orders (
        order_id bigint generated by default as identity,
        order_date date,
        order_status varchar(255) check (order_status in ('PENDING','PROCESSING','SHIPPED','DELIVERED','CANCELLED')),
        total_amount numeric(38,2),
        user_id bigint,
        primary key (order_id)
    )
Hibernate: 
    create table product (
        id bigint generated by default as identity,
        brand varchar(255),
        description varchar(255),
        inventory integer not null,
        name varchar(255),
        price numeric(38,2),
        category_id bigint,
        primary key (id)
    )
Hibernate: 
    create table role (
        id bigint generated by default as identity,
        name varchar(255),
        primary key (id)
    )
Hibernate: 
    create table user_roles (
        user_id bigint not null,
        role_id bigint not null
    )
Hibernate: 
    create table users (
        id bigint generated by default as identity,
        email varchar(255),
        first_name varchar(255),
        last_name varchar(255),
        password varchar(255),
        primary key (id)
    )
Hibernate: 
    alter table if exists cart 
       drop constraint if exists UK9emlp6m95v5er2bcqkjsw48he
2025-03-07T00:32:16.659Z  WARN 22396 --- [Cartify] [           main] o.h.engine.jdbc.spi.SqlExceptionHelper   : SQL Warning Code: 0, SQLState: 00000
2025-03-07T00:32:16.659Z  WARN 22396 --- [Cartify] [           main] o.h.engine.jdbc.spi.SqlExceptionHelper   : constraint "uk9emlp6m95v5er2bcqkjsw48he" of relation "cart" does not exist, skipping
Hibernate: 
    alter table if exists cart 
       add constraint UK9emlp6m95v5er2bcqkjsw48he unique (user_id)
Hibernate: 
    alter table if exists users 
       drop constraint if exists UKq4gvg4dl2a3fpetfwspodde8e
2025-03-07T00:32:17.080Z  WARN 22396 --- [Cartify] [           main] o.h.engine.jdbc.spi.SqlExceptionHelper   : SQL Warning Code: 0, SQLState: 00000
2025-03-07T00:32:17.080Z  WARN 22396 --- [Cartify] [           main] o.h.engine.jdbc.spi.SqlExceptionHelper   : constraint "ukq4gvg4dl2a3fpetfwspodde8e" of relation "users" does not exist, skipping
Hibernate: 
    alter table if exists users 
       add constraint UKq4gvg4dl2a3fpetfwspodde8e unique (email)
Hibernate: 
    alter table if exists cart 
       add constraint FKg5uhi8vpsuy0lgloxk2h4w5o6 
       foreign key (user_id) 
       references users
Hibernate: 
    alter table if exists cart_item 
       add constraint FK1uobyhgl1wvgt1jpccia8xxs3 
       foreign key (cart_id) 
       references cart
Hibernate: 
    alter table if exists cart_item 
       add constraint FKjcyd5wv4igqnw413rgxbfu4nv 
       foreign key (product_id) 
       references product
Hibernate: 
    alter table if exists image 
       add constraint FKgpextbyee3uk9u6o2381m7ft1 
       foreign key (product_id) 
       references product
Hibernate: 
    alter table if exists order_item 
       add constraint FKt4dc2r9nbvbujrljv3e23iibt 
       foreign key (order_id) 
       references orders
Hibernate: 
    alter table if exists order_item 
       add constraint FK551losx9j75ss5d6bfsqvijna 
       foreign key (product_id) 
       references product
Hibernate: 
    alter table if exists orders 
       add constraint FK32ql8ubntj5uh44ph9659tiih 
       foreign key (user_id) 
       references users
Hibernate: 
    alter table if exists product 
       add constraint FK1mtsbur82frn64de7balymq9s 
       foreign key (category_id) 
       references category
Hibernate: 
    alter table if exists user_roles 
       add constraint FKrhfovtciq1l558cw6udg0h0d3 
       foreign key (role_id) 
       references role
Hibernate: 
    alter table if exists user_roles 
       add constraint FKhfh9dx7w3ubf1co1vdev94g3f 
       foreign key (user_id) 
       references users
2025-03-07T00:32:19.951Z  INFO 22396 --- [Cartify] [           main] j.LocalContainerEntityManagerFactoryBean : Initialized JPA EntityManagerFactory for persistence unit 'default'
2025-03-07T00:32:21.166Z  INFO 22396 --- [Cartify] [           main] eAuthenticationProviderManagerConfigurer : Global AuthenticationManager configured with AuthenticationProvider bean with name daoAuthenticationProvider
2025-03-07T00:32:21.168Z  WARN 22396 --- [Cartify] [           main] r$InitializeUserDetailsManagerConfigurer : Global AuthenticationManager configured with an AuthenticationProvider bean. UserDetailsService beans will not be used for username/password login. Consider removing the AuthenticationProvider bean. Alternatively, consider using the UserDetailsService in a manually instantiated DaoAuthenticationProvider.
2025-03-07T00:32:21.901Z  WARN 22396 --- [Cartify] [           main] JpaBaseConfiguration$JpaWebConfiguration : spring.jpa.open-in-view is enabled by default. Therefore, database queries may be performed during view rendering. Explicitly configure spring.jpa.open-in-view to disable this warning
2025-03-07T00:32:24.027Z  INFO 22396 --- [Cartify] [           main] c.B.Cartify.CartifyApplicationTests      : Started CartifyApplicationTests in 20.22 seconds (process running for 21.549)
]]></system-out>
    <system-err><![CDATA[WARNING: A Java agent has been loaded dynamically (C:\Users\Gideon Adjei\.m2\repository\net\bytebuddy\byte-buddy-agent\1.14.19\byte-buddy-agent-1.14.19.jar)
WARNING: If a serviceability tool is in use, please run with -XX:+EnableDynamicAgentLoading to hide this warning
WARNING: If a serviceability tool is not in use, please run with -Djdk.instrument.traceUsage for more information
WARNING: Dynamic loading of agents will be disallowed by default in a future release
]]></system-err>
  </testcase>
</testsuite>